[INFO] Scanning for projects...
[INFO] 
[INFO] Using the builder org.apache.maven.lifecycle.internal.builder.singlethreaded.SingleThreadedBuilder with a thread count of 1
[INFO]                                                                         
[INFO] ------------------------------------------------------------------------
[INFO] Building LocalBus Maven Webapp 0.0.1-SNAPSHOT
[INFO] ------------------------------------------------------------------------
[INFO] 
[INFO] >>> tomcat-maven-plugin:1.1:run (default-cli) @ LocalBus >>>
[INFO] 
[INFO] --- maven-resources-plugin:2.6:resources (default-resources) @ LocalBus ---
[WARNING] Using platform encoding (Cp1252 actually) to copy filtered resources, i.e. build is platform dependent!
[INFO] Copying 1 resource
[INFO] 
[INFO] --- maven-compiler-plugin:3.3:compile (default-compile) @ LocalBus ---
[INFO] Nothing to compile - all classes are up to date
[INFO] 
[INFO] <<< tomcat-maven-plugin:1.1:run (default-cli) @ LocalBus <<<
[INFO] 
[INFO] --- tomcat-maven-plugin:1.1:run (default-cli) @ LocalBus ---
[INFO] Running war on http://localhost:8080/LocalBus
[INFO] Using existing Tomcat server configuration at E:\eclipse-luna\eclipse\workspace\LocalBus\target\tomcat
Sep 08, 2016 5:01:28 PM org.apache.catalina.startup.Embedded start
INFO: Starting tomcat server
Sep 08, 2016 5:01:29 PM org.apache.catalina.core.StandardEngine start
INFO: Starting Servlet Engine: Apache Tomcat/6.0.29
Sep 08, 2016 5:01:32 PM org.apache.catalina.core.ApplicationContext log
INFO: Initializing Spring FrameworkServlet 'dispatcher'
Sep 08, 2016 5:01:32 PM org.springframework.web.servlet.DispatcherServlet initServletBean
INFO: FrameworkServlet 'dispatcher': initialization started
Sep 08, 2016 5:01:33 PM org.springframework.web.context.support.XmlWebApplicationContext prepareRefresh
INFO: Refreshing WebApplicationContext for namespace 'dispatcher-servlet': startup date [Thu Sep 08 17:01:33 NPT 2016]; root of context hierarchy
Sep 08, 2016 5:01:33 PM org.springframework.beans.factory.xml.XmlBeanDefinitionReader loadBeanDefinitions
INFO: Loading XML bean definitions from ServletContext resource [/WEB-INF/springConfig.xml]
Sep 08, 2016 5:01:36 PM org.springframework.beans.factory.annotation.AutowiredAnnotationBeanPostProcessor <init>
INFO: JSR-330 'javax.inject.Inject' annotation found and supported for autowiring
SLF4J: Failed to load class "org.slf4j.impl.StaticLoggerBinder".
SLF4J: Defaulting to no-operation (NOP) logger implementation
SLF4J: See http://www.slf4j.org/codes.html#StaticLoggerBinder for further details.
Sep 08, 2016 5:01:37 PM org.springframework.context.support.PostProcessorRegistrationDelegate$BeanPostProcessorChecker postProcessAfterInitialization
INFO: Bean 'org.apache.shiro.spring.security.interceptor.AuthorizationAttributeSourceAdvisor#0' of type [class org.apache.shiro.spring.security.interceptor.AuthorizationAttributeSourceAdvisor] is not eligible for getting processed by all BeanPostProcessors (for example: not eligible for auto-proxying)
Sep 08, 2016 5:01:37 PM org.springframework.context.support.PostProcessorRegistrationDelegate$BeanPostProcessorChecker postProcessAfterInitialization
INFO: Bean 'hikariConfig' of type [class com.zaxxer.hikari.HikariConfig] is not eligible for getting processed by all BeanPostProcessors (for example: not eligible for auto-proxying)
Sep 08, 2016 5:01:38 PM org.springframework.context.support.PostProcessorRegistrationDelegate$BeanPostProcessorChecker postProcessAfterInitialization
INFO: Bean 'hikariDataSource' of type [class com.zaxxer.hikari.HikariDataSource] is not eligible for getting processed by all BeanPostProcessors (for example: not eligible for auto-proxying)
Sep 08, 2016 5:01:39 PM org.springframework.context.support.PostProcessorRegistrationDelegate$BeanPostProcessorChecker postProcessAfterInitialization
INFO: Bean 'configurationBuilder' of type [class com.vladmihalcea.flexypool.config.Configuration$Builder] is not eligible for getting processed by all BeanPostProcessors (for example: not eligible for auto-proxying)
Sep 08, 2016 5:01:39 PM org.springframework.context.support.PostProcessorRegistrationDelegate$BeanPostProcessorChecker postProcessAfterInitialization
INFO: Bean 'configuration' of type [class com.vladmihalcea.flexypool.config.Configuration] is not eligible for getting processed by all BeanPostProcessors (for example: not eligible for auto-proxying)
Sep 08, 2016 5:01:39 PM org.springframework.context.support.PostProcessorRegistrationDelegate$BeanPostProcessorChecker postProcessAfterInitialization
INFO: Bean 'com.vladmihalcea.flexypool.strategy.IncrementPoolOnTimeoutConnectionAcquiringStrategy.Factory#1e6df7' of type [class com.vladmihalcea.flexypool.strategy.IncrementPoolOnTimeoutConnectionAcquiringStrategy$Factory] is not eligible for getting processed by all BeanPostProcessors (for example: not eligible for auto-proxying)
Sep 08, 2016 5:01:39 PM org.springframework.context.support.PostProcessorRegistrationDelegate$BeanPostProcessorChecker postProcessAfterInitialization
INFO: Bean 'com.vladmihalcea.flexypool.strategy.RetryConnectionAcquiringStrategy.Factory#1c59e46' of type [class com.vladmihalcea.flexypool.strategy.RetryConnectionAcquiringStrategy$Factory] is not eligible for getting processed by all BeanPostProcessors (for example: not eligible for auto-proxying)
Sep 08, 2016 5:01:39 PM org.springframework.context.support.PostProcessorRegistrationDelegate$BeanPostProcessorChecker postProcessAfterInitialization
INFO: Bean 'dataSource' of type [class com.vladmihalcea.flexypool.FlexyPoolDataSource] is not eligible for getting processed by all BeanPostProcessors (for example: not eligible for auto-proxying)
Sep 08, 2016 5:01:40 PM org.hibernate.annotations.common.Version <clinit>
INFO: HCANN000001: Hibernate Commons Annotations {4.0.1.Final}
Sep 08, 2016 5:01:40 PM org.hibernate.Version logVersion
INFO: HHH000412: Hibernate Core {4.1.4.Final}
Sep 08, 2016 5:01:40 PM org.hibernate.cfg.Environment <clinit>
INFO: HHH000206: hibernate.properties not found
Sep 08, 2016 5:01:40 PM org.hibernate.cfg.Environment buildBytecodeProvider
INFO: HHH000021: Bytecode provider name : javassist
Sep 08, 2016 5:01:41 PM org.hibernate.mapping.RootClass checkCompositeIdentifier
WARN: HHH000038: Composite-id class does not override equals(): com.neppro.localbus.model.LocationsInRouteId
Sep 08, 2016 5:01:41 PM org.hibernate.mapping.RootClass checkCompositeIdentifier
WARN: HHH000039: Composite-id class does not override hashCode(): com.neppro.localbus.model.LocationsInRouteId
Sep 08, 2016 5:01:42 PM org.hibernate.dialect.Dialect <init>
INFO: HHH000400: Using dialect: org.hibernate.dialect.MySQL5Dialect
Sep 08, 2016 5:01:42 PM org.hibernate.engine.jdbc.internal.LobCreatorBuilder useContextualLobCreation
INFO: HHH000423: Disabling contextual LOB creation as JDBC driver reported JDBC version [3] less than 4
Sep 08, 2016 5:01:42 PM org.hibernate.engine.transaction.internal.TransactionFactoryInitiator initiateService
INFO: HHH000399: Using default transaction strategy (direct JDBC transactions)
Sep 08, 2016 5:01:42 PM org.hibernate.hql.internal.ast.ASTQueryTranslatorFactory <init>
INFO: HHH000397: Using ASTQueryTranslatorFactory
Sep 08, 2016 5:01:42 PM org.hibernate.validator.internal.util.Version <clinit>
INFO: HV000001: Hibernate Validator 4.3.0.Final
Sep 08, 2016 5:01:56 PM org.hibernate.tool.hbm2ddl.SchemaUpdate execute
INFO: HHH000228: Running hbm2ddl schema update
Sep 08, 2016 5:01:56 PM org.hibernate.tool.hbm2ddl.SchemaUpdate execute
INFO: HHH000102: Fetching database metadata
Sep 08, 2016 5:01:56 PM org.hibernate.tool.hbm2ddl.SchemaUpdate execute
INFO: HHH000396: Updating schema
Sep 08, 2016 5:01:56 PM org.hibernate.tool.hbm2ddl.TableMetadata <init>
INFO: HHH000261: Table found: localbus.committee
Sep 08, 2016 5:01:56 PM org.hibernate.tool.hbm2ddl.TableMetadata <init>
INFO: HHH000037: Columns: [contact_no, address, name, commitee_id]
Sep 08, 2016 5:01:56 PM org.hibernate.tool.hbm2ddl.TableMetadata <init>
INFO: HHH000108: Foreign keys: []
Sep 08, 2016 5:01:56 PM org.hibernate.tool.hbm2ddl.TableMetadata <init>
INFO: HHH000126: Indexes: [primary]
Sep 08, 2016 5:01:56 PM org.hibernate.tool.hbm2ddl.TableMetadata <init>
INFO: HHH000261: Table found: localbus.location
Sep 08, 2016 5:01:56 PM org.hibernate.tool.hbm2ddl.TableMetadata <init>
INFO: HHH000037: Columns: [name, location_id]
Sep 08, 2016 5:01:56 PM org.hibernate.tool.hbm2ddl.TableMetadata <init>
INFO: HHH000108: Foreign keys: []
Sep 08, 2016 5:01:56 PM org.hibernate.tool.hbm2ddl.TableMetadata <init>
INFO: HHH000126: Indexes: [primary]
Sep 08, 2016 5:01:56 PM org.hibernate.tool.hbm2ddl.TableMetadata <init>
INFO: HHH000261: Table found: localbus.locationsinroute
Sep 08, 2016 5:01:56 PM org.hibernate.tool.hbm2ddl.TableMetadata <init>
INFO: HHH000037: Columns: [route_id, sort_order, location_id]
Sep 08, 2016 5:01:56 PM org.hibernate.tool.hbm2ddl.TableMetadata <init>
INFO: HHH000108: Foreign keys: [fk87ddfee6a2c1074b, fk87ddfee6f778f909]
Sep 08, 2016 5:01:56 PM org.hibernate.tool.hbm2ddl.TableMetadata <init>
INFO: HHH000126: Indexes: [primary, fk87ddfee6a2c1074b, fk87ddfee6f778f909]
Sep 08, 2016 5:01:56 PM org.hibernate.tool.hbm2ddl.TableMetadata <init>
INFO: HHH000261: Table found: localbus.role
Sep 08, 2016 5:01:56 PM org.hibernate.tool.hbm2ddl.TableMetadata <init>
INFO: HHH000037: Columns: [permission, role_name]
Sep 08, 2016 5:01:56 PM org.hibernate.tool.hbm2ddl.TableMetadata <init>
INFO: HHH000108: Foreign keys: []
Sep 08, 2016 5:01:56 PM org.hibernate.tool.hbm2ddl.TableMetadata <init>
INFO: HHH000126: Indexes: [primary]
Sep 08, 2016 5:01:56 PM org.hibernate.tool.hbm2ddl.TableMetadata <init>
INFO: HHH000261: Table found: localbus.route
Sep 08, 2016 5:01:56 PM org.hibernate.tool.hbm2ddl.TableMetadata <init>
INFO: HHH000037: Columns: [start_point, end_point, end_time, number_of_stops_included_in_minimum_fare, increased_fare_by, route_id, name, committee_id, start_time, minimum_fare]
Sep 08, 2016 5:01:56 PM org.hibernate.tool.hbm2ddl.TableMetadata <init>
INFO: HHH000108: Foreign keys: [fk67ab249b3f2ed09]
Sep 08, 2016 5:01:56 PM org.hibernate.tool.hbm2ddl.TableMetadata <init>
INFO: HHH000126: Indexes: [fk67ab249b3f2ed09, primary]
Sep 08, 2016 5:01:56 PM org.hibernate.tool.hbm2ddl.TableMetadata <init>
INFO: HHH000261: Table found: localbus.user
Sep 08, 2016 5:01:56 PM org.hibernate.tool.hbm2ddl.TableMetadata <init>
INFO: HHH000037: Columns: [user_name, password_salt, role_name, password]
Sep 08, 2016 5:01:56 PM org.hibernate.tool.hbm2ddl.TableMetadata <init>
INFO: HHH000108: Foreign keys: [fk36ebcb76d43b5b]
Sep 08, 2016 5:01:56 PM org.hibernate.tool.hbm2ddl.TableMetadata <init>
INFO: HHH000126: Indexes: [fk36ebcb76d43b5b, primary]
Sep 08, 2016 5:01:56 PM org.hibernate.tool.hbm2ddl.TableMetadata <init>
INFO: HHH000261: Table found: localbus.vehicle
Sep 08, 2016 5:01:56 PM org.hibernate.tool.hbm2ddl.TableMetadata <init>
INFO: HHH000037: Columns: [registration_no, commitee_id, category_id]
Sep 08, 2016 5:01:56 PM org.hibernate.tool.hbm2ddl.TableMetadata <init>
INFO: HHH000108: Foreign keys: [fk14638f2c1baa22f, fk14638f2c578b2975]
Sep 08, 2016 5:01:56 PM org.hibernate.tool.hbm2ddl.TableMetadata <init>
INFO: HHH000126: Indexes: [fk14638f2c1baa22f, primary, fk14638f2c578b2975]
Sep 08, 2016 5:01:56 PM org.hibernate.tool.hbm2ddl.TableMetadata <init>
INFO: HHH000261: Table found: localbus.vehicle_category
Sep 08, 2016 5:01:56 PM org.hibernate.tool.hbm2ddl.TableMetadata <init>
INFO: HHH000037: Columns: [name, category_id]
Sep 08, 2016 5:01:56 PM org.hibernate.tool.hbm2ddl.TableMetadata <init>
INFO: HHH000108: Foreign keys: []
Sep 08, 2016 5:01:56 PM org.hibernate.tool.hbm2ddl.TableMetadata <init>
INFO: HHH000126: Indexes: [primary]
Sep 08, 2016 5:01:56 PM org.hibernate.tool.hbm2ddl.SchemaUpdate execute
INFO: HHH000232: Schema update complete
Sep 08, 2016 5:01:56 PM org.springframework.context.support.PostProcessorRegistrationDelegate$BeanPostProcessorChecker postProcessAfterInitialization
INFO: Bean 'sessionFactory' of type [class org.springframework.orm.hibernate4.LocalSessionFactoryBean] is not eligible for getting processed by all BeanPostProcessors (for example: not eligible for auto-proxying)
Sep 08, 2016 5:01:56 PM org.springframework.context.support.PostProcessorRegistrationDelegate$BeanPostProcessorChecker postProcessAfterInitialization
INFO: Bean 'sessionFactory' of type [class org.hibernate.internal.SessionFactoryImpl] is not eligible for getting processed by all BeanPostProcessors (for example: not eligible for auto-proxying)
Sep 08, 2016 5:01:57 PM org.springframework.context.support.PostProcessorRegistrationDelegate$BeanPostProcessorChecker postProcessAfterInitialization
INFO: Bean 'userDaoImpl' of type [class com.neppro.localbus.dao.UserDaoImpl] is not eligible for getting processed by all BeanPostProcessors (for example: not eligible for auto-proxying)
Sep 08, 2016 5:01:57 PM org.springframework.context.support.PostProcessorRegistrationDelegate$BeanPostProcessorChecker postProcessAfterInitialization
INFO: Bean 'userServiceImpl' of type [class com.neppro.localbus.service.UserServiceImpl] is not eligible for getting processed by all BeanPostProcessors (for example: not eligible for auto-proxying)
Sep 08, 2016 5:01:57 PM org.springframework.context.support.PostProcessorRegistrationDelegate$BeanPostProcessorChecker postProcessAfterInitialization
INFO: Bean 'roleDaoImpl' of type [class com.neppro.localbus.dao.RoleDaoImpl] is not eligible for getting processed by all BeanPostProcessors (for example: not eligible for auto-proxying)
Sep 08, 2016 5:01:57 PM org.springframework.context.support.PostProcessorRegistrationDelegate$BeanPostProcessorChecker postProcessAfterInitialization
INFO: Bean 'roleServiceImpl' of type [class com.neppro.localbus.service.RoleServiceImpl] is not eligible for getting processed by all BeanPostProcessors (for example: not eligible for auto-proxying)
Sep 08, 2016 5:01:57 PM org.springframework.context.support.PostProcessorRegistrationDelegate$BeanPostProcessorChecker postProcessAfterInitialization
INFO: Bean 'saltedCredentialsMatcher' of type [class com.neppro.localbus.security.SaltedCredentialsMatcher] is not eligible for getting processed by all BeanPostProcessors (for example: not eligible for auto-proxying)
Sep 08, 2016 5:01:57 PM org.springframework.context.support.PostProcessorRegistrationDelegate$BeanPostProcessorChecker postProcessAfterInitialization
INFO: Bean 'springHibernateJdbcRealm' of type [class com.neppro.localbus.security.SpringHibernateJdbcRealm] is not eligible for getting processed by all BeanPostProcessors (for example: not eligible for auto-proxying)
Sep 08, 2016 5:01:57 PM org.springframework.context.support.PostProcessorRegistrationDelegate$BeanPostProcessorChecker postProcessAfterInitialization
INFO: Bean 'securityManager' of type [class org.apache.shiro.web.mgt.DefaultWebSecurityManager] is not eligible for getting processed by all BeanPostProcessors (for example: not eligible for auto-proxying)
Sep 08, 2016 5:01:58 PM org.springframework.web.servlet.mvc.method.annotation.RequestMappingHandlerMapping register
INFO: Mapped "{[/vehicle-categories],methods=[POST]}" onto public org.springframework.http.ResponseEntity<java.lang.Void> com.neppro.localbus.controller.VehicleCategoryController.saveVehicleCategory(com.neppro.localbus.model.VehicleCategory)
Sep 08, 2016 5:01:58 PM org.springframework.web.servlet.mvc.method.annotation.RequestMappingHandlerMapping register
INFO: Mapped "{[/vehicle-categories/{vehicleCategoryId}],methods=[DELETE]}" onto public org.springframework.http.ResponseEntity<com.neppro.localbus.dto.Fault> com.neppro.localbus.controller.VehicleCategoryController.deleteVehicleCategory(java.lang.String) throws com.neppro.localbus.exception.NotFoundException
Sep 08, 2016 5:01:58 PM org.springframework.web.servlet.mvc.method.annotation.RequestMappingHandlerMapping register
INFO: Mapped "{[/vehicle-categories/{vehicleCategoryId}],methods=[PUT]}" onto public org.springframework.http.ResponseEntity<com.neppro.localbus.dto.Fault> com.neppro.localbus.controller.VehicleCategoryController.updateVehicleCategory(java.lang.String,com.neppro.localbus.model.VehicleCategory) throws com.neppro.localbus.exception.NotFoundException
Sep 08, 2016 5:01:58 PM org.springframework.web.servlet.mvc.method.annotation.RequestMappingHandlerMapping register
INFO: Mapped "{[/vehicle-categories],methods=[GET]}" onto public org.springframework.http.ResponseEntity<com.neppro.localbus.dto.VehicleCategoryList> com.neppro.localbus.controller.VehicleCategoryController.getAllVehicleCategories()
Sep 08, 2016 5:01:58 PM org.springframework.web.servlet.mvc.method.annotation.RequestMappingHandlerMapping register
INFO: Mapped "{[/vehicle-categories/{vehicleCategoryId}/vehicles],methods=[POST]}" onto public org.springframework.http.ResponseEntity<java.lang.Void> com.neppro.localbus.controller.VehicleController.saveVehicle(java.lang.String,com.neppro.localbus.model.Vehicle)
Sep 08, 2016 5:01:58 PM org.springframework.web.servlet.mvc.method.annotation.RequestMappingHandlerMapping register
INFO: Mapped "{[/vehicle-categories/{vehicleCategoryId}/vehicles],methods=[GET]}" onto public org.springframework.http.ResponseEntity<java.util.List<com.neppro.localbus.model.Vehicle>> com.neppro.localbus.controller.VehicleController.getAllVehiclesInCategory(java.lang.String)
Sep 08, 2016 5:02:00 PM org.springframework.web.servlet.mvc.method.annotation.RequestMappingHandlerAdapter initControllerAdviceCache
INFO: Looking for @ControllerAdvice: WebApplicationContext for namespace 'dispatcher-servlet': startup date [Thu Sep 08 17:01:33 NPT 2016]; root of context hierarchy
Sep 08, 2016 5:02:00 PM org.springframework.web.servlet.mvc.method.annotation.RequestMappingHandlerAdapter initControllerAdviceCache
INFO: Looking for @ControllerAdvice: WebApplicationContext for namespace 'dispatcher-servlet': startup date [Thu Sep 08 17:01:33 NPT 2016]; root of context hierarchy
Sep 08, 2016 5:02:01 PM org.springframework.web.servlet.mvc.method.annotation.ExceptionHandlerExceptionResolver initExceptionHandlerAdviceCache
INFO: Detected @ExceptionHandler methods in restExceptionHandler
Sep 08, 2016 5:02:01 PM org.springframework.web.servlet.handler.SimpleUrlHandlerMapping registerHandler
INFO: Mapped URL path [/**] onto handler 'org.springframework.web.servlet.resource.DefaultServletHttpRequestHandler#0'
Sep 08, 2016 5:02:01 PM org.springframework.orm.hibernate4.HibernateTransactionManager afterPropertiesSet
INFO: Using DataSource [com.vladmihalcea.flexypool.FlexyPoolDataSource@1e304a3] of Hibernate SessionFactory for HibernateTransactionManager
Sep 08, 2016 5:02:01 PM org.springframework.web.servlet.DispatcherServlet initServletBean
INFO: FrameworkServlet 'dispatcher': initialization completed in 28749 ms
Sep 08, 2016 5:02:01 PM org.apache.coyote.http11.Http11Protocol init
INFO: Initializing Coyote HTTP/1.1 on http-8080
Sep 08, 2016 5:02:01 PM org.apache.coyote.http11.Http11Protocol start
INFO: Starting Coyote HTTP/1.1 on http-8080
Inside Authentication
raj
raj
Hibernate: select user0_.user_name as user1_5_1_, user0_.password as password5_1_, user0_.password_salt as password3_5_1_, user0_.role_name as role4_5_1_, role1_.role_name as role1_3_0_, role1_.permission as permission3_0_ from user user0_ left outer join role role1_ on user0_.role_name=role1_.role_name where user0_.user_name=?
Inside SaltedCredentialsMatcher
Supplied Password: cmFq
Salt: MHZ2cHJudEtHUGRHU3YyQzJpNHBYQT09
Hibernate: select this_.category_id as category1_7_0_, this_.name as name7_0_ from vehicle_category this_
